2023-03-09 16:57:21,831 INFO    StreamThr :29466 [internal.py:wandb_internal():87] W&B internal server running at pid: 29466, started at: 2023-03-09 16:57:21.831200
2023-03-09 16:57:21,833 DEBUG   HandlerThread:29466 [handler.py:handle_request():144] handle_request: status
2023-03-09 16:57:21,839 INFO    WriterThread:29466 [datastore.py:open_for_write():85] open: /home/gechengze/project/nlp-notebook/models/wandb/run-20230309_165721-zbuh6te5/run-zbuh6te5.wandb
2023-03-09 16:57:21,840 DEBUG   SenderThread:29466 [sender.py:send():336] send: header
2023-03-09 16:57:21,947 DEBUG   SenderThread:29466 [sender.py:send():336] send: run
2023-03-09 16:57:22,749 INFO    SenderThread:29466 [dir_watcher.py:__init__():219] watching files in: /home/gechengze/project/nlp-notebook/models/wandb/run-20230309_165721-zbuh6te5/files
2023-03-09 16:57:22,749 INFO    SenderThread:29466 [sender.py:_start_run_threads():1078] run started: zbuh6te5 with start time 1678352241.830713
2023-03-09 16:57:22,749 DEBUG   SenderThread:29466 [sender.py:send_request():363] send_request: summary_record
2023-03-09 16:57:22,749 INFO    SenderThread:29466 [sender.py:_save_file():1332] saving file wandb-summary.json with policy end
2023-03-09 16:57:22,751 DEBUG   HandlerThread:29466 [handler.py:handle_request():144] handle_request: check_version
2023-03-09 16:57:22,751 DEBUG   SenderThread:29466 [sender.py:send_request():363] send_request: check_version
2023-03-09 16:57:23,029 DEBUG   HandlerThread:29466 [handler.py:handle_request():144] handle_request: run_start
2023-03-09 16:57:23,031 DEBUG   HandlerThread:29466 [system_info.py:__init__():31] System info init
2023-03-09 16:57:23,031 DEBUG   HandlerThread:29466 [system_info.py:__init__():46] System info init done
2023-03-09 16:57:23,031 INFO    HandlerThread:29466 [system_monitor.py:start():183] Starting system monitor
2023-03-09 16:57:23,031 INFO    SystemMonitor:29466 [system_monitor.py:_start():147] Starting system asset monitoring threads
2023-03-09 16:57:23,031 INFO    HandlerThread:29466 [system_monitor.py:probe():204] Collecting system info
2023-03-09 16:57:23,032 INFO    SystemMonitor:29466 [interfaces.py:start():187] Started cpu monitoring
2023-03-09 16:57:23,032 INFO    SystemMonitor:29466 [interfaces.py:start():187] Started disk monitoring
2023-03-09 16:57:23,033 INFO    SystemMonitor:29466 [interfaces.py:start():187] Started gpu monitoring
2023-03-09 16:57:23,033 INFO    SystemMonitor:29466 [interfaces.py:start():187] Started memory monitoring
2023-03-09 16:57:23,033 INFO    SystemMonitor:29466 [interfaces.py:start():187] Started network monitoring
2023-03-09 16:57:23,054 DEBUG   HandlerThread:29466 [system_info.py:probe():195] Probing system
2023-03-09 16:57:23,058 DEBUG   HandlerThread:29466 [system_info.py:_probe_git():180] Probing git
2023-03-09 16:57:23,065 DEBUG   HandlerThread:29466 [system_info.py:_probe_git():188] Probing git done
2023-03-09 16:57:23,065 DEBUG   HandlerThread:29466 [system_info.py:probe():240] Probing system done
2023-03-09 16:57:23,065 DEBUG   HandlerThread:29466 [system_monitor.py:probe():213] {'os': 'Linux-5.15.0-60-generic-x86_64-with-glibc2.31', 'python': '3.9.13', 'heartbeatAt': '2023-03-09T08:57:23.054771', 'startedAt': '2023-03-09T08:57:21.827008', 'docker': None, 'cuda': None, 'args': None, 'state': 'running', 'program': '<python with no main file>', 'git': {'remote': 'https://github.com/gechengze/nlp-notebook.git', 'commit': '78112b7f1aa5793a6b76ed69e5f423a61e36c5ab'}, 'email': None, 'root': '/home/gechengze/project/nlp-notebook', 'host': 'ubuntu-3080', 'username': 'gechengze', 'executable': '/home/gechengze/anaconda3/bin/python', 'cpu_count': 6, 'cpu_count_logical': 12, 'cpu_freq': {'current': 4.113416666666667, 'min': 800.0, 'max': 4800.0}, 'cpu_freq_per_core': [{'current': 4.1, 'min': 800.0, 'max': 4800.0}, {'current': 4.1, 'min': 800.0, 'max': 4800.0}, {'current': 4.1, 'min': 800.0, 'max': 4800.0}, {'current': 4.1, 'min': 800.0, 'max': 4800.0}, {'current': 4.1, 'min': 800.0, 'max': 4800.0}, {'current': 4.261, 'min': 800.0, 'max': 4800.0}, {'current': 4.1, 'min': 800.0, 'max': 4800.0}, {'current': 4.1, 'min': 800.0, 'max': 4800.0}, {'current': 4.1, 'min': 800.0, 'max': 4800.0}, {'current': 4.1, 'min': 800.0, 'max': 4800.0}, {'current': 4.1, 'min': 800.0, 'max': 4800.0}, {'current': 4.1, 'min': 800.0, 'max': 4800.0}], 'disk': {'total': 1043.379623413086, 'used': 32.234466552734375}, 'gpu': 'NVIDIA GeForce RTX 3080', 'gpu_count': 1, 'gpu_devices': [{'name': 'NVIDIA GeForce RTX 3080', 'memory_total': 10481106944}], 'memory': {'total': 15.54610824584961}}
2023-03-09 16:57:23,065 INFO    HandlerThread:29466 [system_monitor.py:probe():214] Finished collecting system info
2023-03-09 16:57:23,065 INFO    HandlerThread:29466 [system_monitor.py:probe():217] Publishing system info
2023-03-09 16:57:23,065 DEBUG   HandlerThread:29466 [system_info.py:_save_pip():51] Saving list of pip packages installed into the current environment
2023-03-09 16:57:23,066 DEBUG   HandlerThread:29466 [system_info.py:_save_pip():67] Saving pip packages done
2023-03-09 16:57:23,066 DEBUG   HandlerThread:29466 [system_info.py:_save_conda():74] Saving list of conda packages installed into the current environment
2023-03-09 16:57:23,750 INFO    Thread-13 :29466 [dir_watcher.py:_on_file_created():278] file/dir created: /home/gechengze/project/nlp-notebook/models/wandb/run-20230309_165721-zbuh6te5/files/requirements.txt
2023-03-09 16:57:23,750 INFO    Thread-13 :29466 [dir_watcher.py:_on_file_created():278] file/dir created: /home/gechengze/project/nlp-notebook/models/wandb/run-20230309_165721-zbuh6te5/files/wandb-summary.json
2023-03-09 16:57:23,750 INFO    Thread-13 :29466 [dir_watcher.py:_on_file_created():278] file/dir created: /home/gechengze/project/nlp-notebook/models/wandb/run-20230309_165721-zbuh6te5/files/conda-environment.yaml
2023-03-09 16:57:27,290 DEBUG   HandlerThread:29466 [system_info.py:_save_conda():86] Saving conda packages done
2023-03-09 16:57:27,290 INFO    HandlerThread:29466 [system_monitor.py:probe():219] Finished publishing system info
2023-03-09 16:57:27,291 DEBUG   HandlerThread:29466 [handler.py:handle_request():144] handle_request: status_report
2023-03-09 16:57:27,292 DEBUG   SenderThread:29466 [sender.py:send():336] send: files
2023-03-09 16:57:27,292 INFO    SenderThread:29466 [sender.py:_save_file():1332] saving file wandb-metadata.json with policy now
2023-03-09 16:57:27,298 DEBUG   HandlerThread:29466 [handler.py:handle_request():144] handle_request: stop_status
2023-03-09 16:57:27,299 DEBUG   SenderThread:29466 [sender.py:send_request():363] send_request: stop_status
2023-03-09 16:57:27,689 DEBUG   SenderThread:29466 [sender.py:send():336] send: telemetry
2023-03-09 16:57:27,751 INFO    Thread-13 :29466 [dir_watcher.py:_on_file_modified():295] file/dir modified: /home/gechengze/project/nlp-notebook/models/wandb/run-20230309_165721-zbuh6te5/files/conda-environment.yaml
2023-03-09 16:57:27,751 INFO    Thread-13 :29466 [dir_watcher.py:_on_file_created():278] file/dir created: /home/gechengze/project/nlp-notebook/models/wandb/run-20230309_165721-zbuh6te5/files/output.log
2023-03-09 16:57:27,751 INFO    Thread-13 :29466 [dir_watcher.py:_on_file_created():278] file/dir created: /home/gechengze/project/nlp-notebook/models/wandb/run-20230309_165721-zbuh6te5/files/wandb-metadata.json
2023-03-09 16:57:28,202 INFO    wandb-upload_0:29466 [upload_job.py:push():138] Uploaded file /tmp/tmpeevu03wnwandb/pzrdanvf-wandb-metadata.json
2023-03-09 16:57:29,752 INFO    Thread-13 :29466 [dir_watcher.py:_on_file_modified():295] file/dir modified: /home/gechengze/project/nlp-notebook/models/wandb/run-20230309_165721-zbuh6te5/files/output.log
2023-03-09 16:57:31,752 INFO    Thread-13 :29466 [dir_watcher.py:_on_file_modified():295] file/dir modified: /home/gechengze/project/nlp-notebook/models/wandb/run-20230309_165721-zbuh6te5/files/output.log
2023-03-09 16:57:32,076 DEBUG   HandlerThread:29466 [handler.py:handle_request():144] handle_request: status_report
2023-03-09 16:57:33,752 INFO    Thread-13 :29466 [dir_watcher.py:_on_file_modified():295] file/dir modified: /home/gechengze/project/nlp-notebook/models/wandb/run-20230309_165721-zbuh6te5/files/output.log
2023-03-09 16:57:35,753 INFO    Thread-13 :29466 [dir_watcher.py:_on_file_modified():295] file/dir modified: /home/gechengze/project/nlp-notebook/models/wandb/run-20230309_165721-zbuh6te5/files/output.log
2023-03-09 16:57:37,104 DEBUG   HandlerThread:29466 [handler.py:handle_request():144] handle_request: status_report
2023-03-09 16:57:37,753 INFO    Thread-13 :29466 [dir_watcher.py:_on_file_modified():295] file/dir modified: /home/gechengze/project/nlp-notebook/models/wandb/run-20230309_165721-zbuh6te5/files/output.log
2023-03-09 16:57:38,600 DEBUG   HandlerThread:29466 [handler.py:handle_request():144] handle_request: pause
2023-03-09 16:57:38,600 INFO    HandlerThread:29466 [handler.py:handle_request_pause():716] stopping system metrics thread or process
2023-03-09 16:57:38,600 INFO    HandlerThread:29466 [system_monitor.py:finish():193] Stopping system monitor
2023-03-09 16:57:38,600 DEBUG   SystemMonitor:29466 [system_monitor.py:_start():161] Starting system metrics aggregation loop
2023-03-09 16:57:38,601 DEBUG   SystemMonitor:29466 [system_monitor.py:_start():168] Finished system metrics aggregation loop
2023-03-09 16:57:38,601 DEBUG   SystemMonitor:29466 [system_monitor.py:_start():172] Publishing last batch of metrics
2023-03-09 16:57:38,601 INFO    HandlerThread:29466 [interfaces.py:finish():199] Joined cpu monitor
2023-03-09 16:57:38,601 INFO    HandlerThread:29466 [interfaces.py:finish():199] Joined disk monitor
2023-03-09 16:57:38,619 INFO    HandlerThread:29466 [interfaces.py:finish():199] Joined gpu monitor
2023-03-09 16:57:38,620 INFO    HandlerThread:29466 [interfaces.py:finish():199] Joined memory monitor
2023-03-09 16:57:38,620 INFO    HandlerThread:29466 [interfaces.py:finish():199] Joined network monitor
2023-03-09 16:57:38,620 DEBUG   SenderThread:29466 [sender.py:send():336] send: stats
2023-03-09 16:57:39,754 INFO    Thread-13 :29466 [dir_watcher.py:_on_file_modified():295] file/dir modified: /home/gechengze/project/nlp-notebook/models/wandb/run-20230309_165721-zbuh6te5/files/output.log
2023-03-09 16:57:42,299 DEBUG   HandlerThread:29466 [handler.py:handle_request():144] handle_request: keepalive
2023-03-09 16:57:42,300 DEBUG   HandlerThread:29466 [handler.py:handle_request():144] handle_request: keepalive
2023-03-09 16:57:42,621 DEBUG   HandlerThread:29466 [handler.py:handle_request():144] handle_request: status_report
2023-03-09 16:57:47,300 DEBUG   HandlerThread:29466 [handler.py:handle_request():144] handle_request: keepalive
2023-03-09 16:57:47,622 DEBUG   HandlerThread:29466 [handler.py:handle_request():144] handle_request: status_report
2023-03-09 16:57:52,302 DEBUG   HandlerThread:29466 [handler.py:handle_request():144] handle_request: keepalive
2023-03-09 16:57:52,628 DEBUG   HandlerThread:29466 [handler.py:handle_request():144] handle_request: status_report
2023-03-09 16:57:53,760 INFO    Thread-13 :29466 [dir_watcher.py:_on_file_modified():295] file/dir modified: /home/gechengze/project/nlp-notebook/models/wandb/run-20230309_165721-zbuh6te5/files/config.yaml
2023-03-09 16:57:57,303 DEBUG   HandlerThread:29466 [handler.py:handle_request():144] handle_request: keepalive
2023-03-09 16:57:58,035 DEBUG   HandlerThread:29466 [handler.py:handle_request():144] handle_request: status_report
2023-03-09 16:58:02,304 DEBUG   HandlerThread:29466 [handler.py:handle_request():144] handle_request: keepalive
2023-03-09 16:58:03,035 DEBUG   HandlerThread:29466 [handler.py:handle_request():144] handle_request: status_report
2023-03-09 16:58:07,305 DEBUG   HandlerThread:29466 [handler.py:handle_request():144] handle_request: keepalive
2023-03-09 16:58:08,036 DEBUG   HandlerThread:29466 [handler.py:handle_request():144] handle_request: status_report
2023-03-09 16:58:11,966 DEBUG   HandlerThread:29466 [handler.py:handle_request():144] handle_request: resume
2023-03-09 16:58:11,966 INFO    HandlerThread:29466 [handler.py:handle_request_resume():707] starting system metrics thread or process
2023-03-09 16:58:11,966 INFO    HandlerThread:29466 [system_monitor.py:start():183] Starting system monitor
2023-03-09 16:58:11,966 INFO    SystemMonitor:29466 [system_monitor.py:_start():147] Starting system asset monitoring threads
2023-03-09 16:58:11,967 INFO    SystemMonitor:29466 [interfaces.py:start():187] Started cpu monitoring
2023-03-09 16:58:11,967 INFO    SystemMonitor:29466 [interfaces.py:start():187] Started disk monitoring
2023-03-09 16:58:11,967 INFO    SystemMonitor:29466 [interfaces.py:start():187] Started gpu monitoring
2023-03-09 16:58:11,967 INFO    SystemMonitor:29466 [interfaces.py:start():187] Started memory monitoring
2023-03-09 16:58:11,968 INFO    SystemMonitor:29466 [interfaces.py:start():187] Started network monitoring
2023-03-09 16:58:11,980 DEBUG   SenderThread:29466 [sender.py:send():336] send: telemetry
2023-03-09 16:58:11,980 DEBUG   SenderThread:29466 [sender.py:send():336] send: exit
2023-03-09 16:58:11,980 INFO    SenderThread:29466 [sender.py:send_exit():559] handling exit code: 0
2023-03-09 16:58:11,980 INFO    SenderThread:29466 [sender.py:send_exit():561] handling runtime: 15
2023-03-09 16:58:11,981 INFO    SenderThread:29466 [sender.py:_save_file():1332] saving file wandb-summary.json with policy end
2023-03-09 16:58:11,981 INFO    SenderThread:29466 [sender.py:send_exit():567] send defer
2023-03-09 16:58:11,982 DEBUG   HandlerThread:29466 [handler.py:handle_request():144] handle_request: defer
2023-03-09 16:58:11,982 INFO    HandlerThread:29466 [handler.py:handle_request_defer():170] handle defer: 0
2023-03-09 16:58:11,982 DEBUG   SenderThread:29466 [sender.py:send_request():363] send_request: defer
2023-03-09 16:58:11,982 INFO    SenderThread:29466 [sender.py:send_request_defer():583] handle sender defer: 0
2023-03-09 16:58:11,982 INFO    SenderThread:29466 [sender.py:transition_state():587] send defer: 1
2023-03-09 16:58:11,982 DEBUG   HandlerThread:29466 [handler.py:handle_request():144] handle_request: defer
2023-03-09 16:58:11,982 INFO    HandlerThread:29466 [handler.py:handle_request_defer():170] handle defer: 1
2023-03-09 16:58:11,982 DEBUG   SenderThread:29466 [sender.py:send_request():363] send_request: defer
2023-03-09 16:58:11,982 INFO    SenderThread:29466 [sender.py:send_request_defer():583] handle sender defer: 1
2023-03-09 16:58:11,982 INFO    SenderThread:29466 [sender.py:transition_state():587] send defer: 2
2023-03-09 16:58:11,982 DEBUG   HandlerThread:29466 [handler.py:handle_request():144] handle_request: defer
2023-03-09 16:58:11,982 INFO    HandlerThread:29466 [handler.py:handle_request_defer():170] handle defer: 2
2023-03-09 16:58:11,982 INFO    HandlerThread:29466 [system_monitor.py:finish():193] Stopping system monitor
2023-03-09 16:58:11,982 DEBUG   SystemMonitor:29466 [system_monitor.py:_start():161] Starting system metrics aggregation loop
2023-03-09 16:58:11,983 INFO    HandlerThread:29466 [interfaces.py:finish():199] Joined cpu monitor
2023-03-09 16:58:11,983 DEBUG   SystemMonitor:29466 [system_monitor.py:_start():168] Finished system metrics aggregation loop
2023-03-09 16:58:11,983 DEBUG   SystemMonitor:29466 [system_monitor.py:_start():172] Publishing last batch of metrics
2023-03-09 16:58:11,983 INFO    HandlerThread:29466 [interfaces.py:finish():199] Joined disk monitor
2023-03-09 16:58:12,001 INFO    HandlerThread:29466 [interfaces.py:finish():199] Joined gpu monitor
2023-03-09 16:58:12,001 INFO    HandlerThread:29466 [interfaces.py:finish():199] Joined memory monitor
2023-03-09 16:58:12,002 INFO    HandlerThread:29466 [interfaces.py:finish():199] Joined network monitor
2023-03-09 16:58:12,002 DEBUG   SenderThread:29466 [sender.py:send_request():363] send_request: defer
2023-03-09 16:58:12,002 INFO    SenderThread:29466 [sender.py:send_request_defer():583] handle sender defer: 2
2023-03-09 16:58:12,002 INFO    SenderThread:29466 [sender.py:transition_state():587] send defer: 3
2023-03-09 16:58:12,002 DEBUG   SenderThread:29466 [sender.py:send():336] send: stats
2023-03-09 16:58:12,002 DEBUG   HandlerThread:29466 [handler.py:handle_request():144] handle_request: defer
2023-03-09 16:58:12,002 INFO    HandlerThread:29466 [handler.py:handle_request_defer():170] handle defer: 3
2023-03-09 16:58:12,002 DEBUG   SenderThread:29466 [sender.py:send_request():363] send_request: defer
2023-03-09 16:58:12,002 INFO    SenderThread:29466 [sender.py:send_request_defer():583] handle sender defer: 3
2023-03-09 16:58:12,002 INFO    SenderThread:29466 [sender.py:transition_state():587] send defer: 4
2023-03-09 16:58:12,002 DEBUG   HandlerThread:29466 [handler.py:handle_request():144] handle_request: defer
2023-03-09 16:58:12,003 INFO    HandlerThread:29466 [handler.py:handle_request_defer():170] handle defer: 4
2023-03-09 16:58:12,003 DEBUG   SenderThread:29466 [sender.py:send_request():363] send_request: defer
2023-03-09 16:58:12,003 INFO    SenderThread:29466 [sender.py:send_request_defer():583] handle sender defer: 4
2023-03-09 16:58:12,003 INFO    SenderThread:29466 [sender.py:transition_state():587] send defer: 5
2023-03-09 16:58:12,003 DEBUG   HandlerThread:29466 [handler.py:handle_request():144] handle_request: defer
2023-03-09 16:58:12,003 INFO    HandlerThread:29466 [handler.py:handle_request_defer():170] handle defer: 5
2023-03-09 16:58:12,003 DEBUG   SenderThread:29466 [sender.py:send():336] send: summary
2023-03-09 16:58:12,003 INFO    SenderThread:29466 [sender.py:_save_file():1332] saving file wandb-summary.json with policy end
2023-03-09 16:58:12,003 DEBUG   SenderThread:29466 [sender.py:send_request():363] send_request: defer
2023-03-09 16:58:12,003 INFO    SenderThread:29466 [sender.py:send_request_defer():583] handle sender defer: 5
2023-03-09 16:58:12,003 INFO    SenderThread:29466 [sender.py:transition_state():587] send defer: 6
2023-03-09 16:58:12,003 DEBUG   HandlerThread:29466 [handler.py:handle_request():144] handle_request: defer
2023-03-09 16:58:12,003 INFO    HandlerThread:29466 [handler.py:handle_request_defer():170] handle defer: 6
2023-03-09 16:58:12,003 DEBUG   SenderThread:29466 [sender.py:send_request():363] send_request: defer
2023-03-09 16:58:12,003 INFO    SenderThread:29466 [sender.py:send_request_defer():583] handle sender defer: 6
2023-03-09 16:58:12,006 DEBUG   HandlerThread:29466 [handler.py:handle_request():144] handle_request: status_report
2023-03-09 16:58:12,478 INFO    SenderThread:29466 [sender.py:transition_state():587] send defer: 7
2023-03-09 16:58:12,479 DEBUG   HandlerThread:29466 [handler.py:handle_request():144] handle_request: defer
2023-03-09 16:58:12,479 INFO    HandlerThread:29466 [handler.py:handle_request_defer():170] handle defer: 7
2023-03-09 16:58:12,479 DEBUG   SenderThread:29466 [sender.py:send_request():363] send_request: defer
2023-03-09 16:58:12,479 INFO    SenderThread:29466 [sender.py:send_request_defer():583] handle sender defer: 7
2023-03-09 16:58:12,770 INFO    Thread-13 :29466 [dir_watcher.py:_on_file_modified():295] file/dir modified: /home/gechengze/project/nlp-notebook/models/wandb/run-20230309_165721-zbuh6te5/files/wandb-summary.json
2023-03-09 16:58:12,770 INFO    Thread-13 :29466 [dir_watcher.py:_on_file_modified():295] file/dir modified: /home/gechengze/project/nlp-notebook/models/wandb/run-20230309_165721-zbuh6te5/files/config.yaml
2023-03-09 16:58:12,982 DEBUG   HandlerThread:29466 [handler.py:handle_request():144] handle_request: poll_exit
2023-03-09 16:58:13,919 INFO    SenderThread:29466 [sender.py:transition_state():587] send defer: 8
2023-03-09 16:58:13,919 DEBUG   SenderThread:29466 [sender.py:send_request():363] send_request: poll_exit
2023-03-09 16:58:13,920 DEBUG   HandlerThread:29466 [handler.py:handle_request():144] handle_request: defer
2023-03-09 16:58:13,920 INFO    HandlerThread:29466 [handler.py:handle_request_defer():170] handle defer: 8
2023-03-09 16:58:13,921 DEBUG   SenderThread:29466 [sender.py:send_request():363] send_request: defer
2023-03-09 16:58:13,922 INFO    SenderThread:29466 [sender.py:send_request_defer():583] handle sender defer: 8
2023-03-09 16:58:13,922 INFO    SenderThread:29466 [sender.py:transition_state():587] send defer: 9
2023-03-09 16:58:13,923 DEBUG   HandlerThread:29466 [handler.py:handle_request():144] handle_request: defer
2023-03-09 16:58:13,923 INFO    HandlerThread:29466 [handler.py:handle_request_defer():170] handle defer: 9
2023-03-09 16:58:13,924 DEBUG   SenderThread:29466 [sender.py:send_request():363] send_request: defer
2023-03-09 16:58:13,924 INFO    SenderThread:29466 [sender.py:send_request_defer():583] handle sender defer: 9
2023-03-09 16:58:13,924 INFO    SenderThread:29466 [dir_watcher.py:finish():365] shutting down directory watcher
2023-03-09 16:58:13,982 DEBUG   HandlerThread:29466 [handler.py:handle_request():144] handle_request: poll_exit
2023-03-09 16:58:14,771 INFO    Thread-13 :29466 [dir_watcher.py:_on_file_modified():295] file/dir modified: /home/gechengze/project/nlp-notebook/models/wandb/run-20230309_165721-zbuh6te5/files/output.log
2023-03-09 16:58:14,772 INFO    SenderThread:29466 [dir_watcher.py:finish():395] scan: /home/gechengze/project/nlp-notebook/models/wandb/run-20230309_165721-zbuh6te5/files
2023-03-09 16:58:14,773 INFO    SenderThread:29466 [dir_watcher.py:finish():409] scan save: /home/gechengze/project/nlp-notebook/models/wandb/run-20230309_165721-zbuh6te5/files/requirements.txt requirements.txt
2023-03-09 16:58:14,773 INFO    SenderThread:29466 [dir_watcher.py:finish():409] scan save: /home/gechengze/project/nlp-notebook/models/wandb/run-20230309_165721-zbuh6te5/files/wandb-summary.json wandb-summary.json
2023-03-09 16:58:14,779 INFO    SenderThread:29466 [dir_watcher.py:finish():409] scan save: /home/gechengze/project/nlp-notebook/models/wandb/run-20230309_165721-zbuh6te5/files/conda-environment.yaml conda-environment.yaml
2023-03-09 16:58:14,779 INFO    SenderThread:29466 [dir_watcher.py:finish():409] scan save: /home/gechengze/project/nlp-notebook/models/wandb/run-20230309_165721-zbuh6te5/files/output.log output.log
2023-03-09 16:58:14,779 INFO    SenderThread:29466 [dir_watcher.py:finish():409] scan save: /home/gechengze/project/nlp-notebook/models/wandb/run-20230309_165721-zbuh6te5/files/config.yaml config.yaml
2023-03-09 16:58:14,779 INFO    SenderThread:29466 [dir_watcher.py:finish():409] scan save: /home/gechengze/project/nlp-notebook/models/wandb/run-20230309_165721-zbuh6te5/files/wandb-metadata.json wandb-metadata.json
2023-03-09 16:58:14,779 INFO    SenderThread:29466 [sender.py:transition_state():587] send defer: 10
2023-03-09 16:58:14,779 DEBUG   SenderThread:29466 [sender.py:send_request():363] send_request: poll_exit
2023-03-09 16:58:14,780 DEBUG   HandlerThread:29466 [handler.py:handle_request():144] handle_request: defer
2023-03-09 16:58:14,780 INFO    HandlerThread:29466 [handler.py:handle_request_defer():170] handle defer: 10
2023-03-09 16:58:14,780 DEBUG   SenderThread:29466 [sender.py:send_request():363] send_request: defer
2023-03-09 16:58:14,781 INFO    SenderThread:29466 [sender.py:send_request_defer():583] handle sender defer: 10
2023-03-09 16:58:14,781 INFO    SenderThread:29466 [file_pusher.py:finish():164] shutting down file pusher
2023-03-09 16:58:14,988 DEBUG   HandlerThread:29466 [handler.py:handle_request():144] handle_request: poll_exit
2023-03-09 16:58:14,988 DEBUG   SenderThread:29466 [sender.py:send_request():363] send_request: poll_exit
2023-03-09 16:58:15,607 INFO    wandb-upload_4:29466 [upload_job.py:push():138] Uploaded file /home/gechengze/project/nlp-notebook/models/wandb/run-20230309_165721-zbuh6te5/files/config.yaml
2023-03-09 16:58:15,667 INFO    wandb-upload_1:29466 [upload_job.py:push():138] Uploaded file /home/gechengze/project/nlp-notebook/models/wandb/run-20230309_165721-zbuh6te5/files/wandb-summary.json
2023-03-09 16:58:15,990 DEBUG   HandlerThread:29466 [handler.py:handle_request():144] handle_request: poll_exit
2023-03-09 16:58:15,991 DEBUG   SenderThread:29466 [sender.py:send_request():363] send_request: poll_exit
2023-03-09 16:58:16,089 INFO    wandb-upload_0:29466 [upload_job.py:push():138] Uploaded file /home/gechengze/project/nlp-notebook/models/wandb/run-20230309_165721-zbuh6te5/files/requirements.txt
2023-03-09 16:58:16,254 ERROR   wandb-upload_3:29466 [internal_api.py:upload_file():1997] upload_file exception https://storage.googleapis.com/wandb-production.appspot.com/gechengze/Word2Vec/zbuh6te5/output.log?Expires=1678438695&GoogleAccessId=wandb-production%40appspot.gserviceaccount.com&Signature=Ct4sOHhRiIRTksqhUNWmVMxoLFu6p26hsnnqhRt3A75vOtGXABPA4X2dh2hydxKqC4gDOBE58jWmbukr%2B0Ok8Fn7wbWfs4nckhIDlC4dIn4ZQ25Yif1Dny9rH%2FsptQQw8%2BfvOT9LWaPv2NIpK9R%2F%2B0aPFeDDanGjHxLixDKGOAtoz9Lx2XW5NBLJDQ2zhxkY5oMCc45MntLo5Hw2a8pMfHMuBUgGSLmVoe9Svb1ye3JxpDGb3VsOG25TzcqZWI8%2FBgMmqeOu4aYpxlluPNn9tXMOIEuDvcW2g3TORbCyePIX%2BtEn6VGkjlbwKYPgBqVtIRjB%2FjuXwZmnXYMIk8jjJg%3D%3D: HTTPSConnectionPool(host='storage.googleapis.com', port=443): Max retries exceeded with url: /wandb-production.appspot.com/gechengze/Word2Vec/zbuh6te5/output.log?Expires=1678438695&GoogleAccessId=wandb-production%40appspot.gserviceaccount.com&Signature=Ct4sOHhRiIRTksqhUNWmVMxoLFu6p26hsnnqhRt3A75vOtGXABPA4X2dh2hydxKqC4gDOBE58jWmbukr%2B0Ok8Fn7wbWfs4nckhIDlC4dIn4ZQ25Yif1Dny9rH%2FsptQQw8%2BfvOT9LWaPv2NIpK9R%2F%2B0aPFeDDanGjHxLixDKGOAtoz9Lx2XW5NBLJDQ2zhxkY5oMCc45MntLo5Hw2a8pMfHMuBUgGSLmVoe9Svb1ye3JxpDGb3VsOG25TzcqZWI8%2FBgMmqeOu4aYpxlluPNn9tXMOIEuDvcW2g3TORbCyePIX%2BtEn6VGkjlbwKYPgBqVtIRjB%2FjuXwZmnXYMIk8jjJg%3D%3D (Caused by SSLError(SSLEOFError(8, 'EOF occurred in violation of protocol (_ssl.c:1129)')))
2023-03-09 16:58:16,255 ERROR   wandb-upload_3:29466 [internal_api.py:upload_file():1999] upload_file request headers: {'User-Agent': 'python-requests/2.28.1', 'Accept-Encoding': 'gzip, deflate, br', 'Accept': '*/*', 'Connection': 'keep-alive', 'Content-Length': '75'}
2023-03-09 16:58:16,255 ERROR   wandb-upload_3:29466 [internal_api.py:upload_file():2001] upload_file response body: 
2023-03-09 16:58:16,355 ERROR   wandb-upload_2:29466 [internal_api.py:upload_file():1997] upload_file exception https://storage.googleapis.com/wandb-production.appspot.com/gechengze/Word2Vec/zbuh6te5/conda-environment.yaml?Expires=1678438695&GoogleAccessId=wandb-production%40appspot.gserviceaccount.com&Signature=T9dPkSdx%2FWU6VyixSpu83DAxRMKAXcfGM5V9oOts1vmcjW2r%2Bd21PdqQ5G49EQb5dH5EgrRGUyVxCU8lMbPonc%2Fm7trQeYtRQHekzYZc6fisP1ZVYnDVF8YNcFtpbTK8hXKyjQ4AuvXSswWMFPNL%2Bf9EtNOqBmYfuGV9G1Wu2g4nxEnuF13hMYmjZ2MknwLJXAd6sUqBYAW7XbRvdMZGIeGdvyZgesPt4Pl1SUvA9LRhYWsw%2F2RlNgAtKNelhij5Gimj6zlV1D3S0B6o%2BUYXQgGDRXrQyzxjX0H1aPCro4JU6rQvUxbF7I%2FAwstinsBYWeU0bdZaKnZbEpFsau0OYA%3D%3D: HTTPSConnectionPool(host='storage.googleapis.com', port=443): Max retries exceeded with url: /wandb-production.appspot.com/gechengze/Word2Vec/zbuh6te5/conda-environment.yaml?Expires=1678438695&GoogleAccessId=wandb-production%40appspot.gserviceaccount.com&Signature=T9dPkSdx%2FWU6VyixSpu83DAxRMKAXcfGM5V9oOts1vmcjW2r%2Bd21PdqQ5G49EQb5dH5EgrRGUyVxCU8lMbPonc%2Fm7trQeYtRQHekzYZc6fisP1ZVYnDVF8YNcFtpbTK8hXKyjQ4AuvXSswWMFPNL%2Bf9EtNOqBmYfuGV9G1Wu2g4nxEnuF13hMYmjZ2MknwLJXAd6sUqBYAW7XbRvdMZGIeGdvyZgesPt4Pl1SUvA9LRhYWsw%2F2RlNgAtKNelhij5Gimj6zlV1D3S0B6o%2BUYXQgGDRXrQyzxjX0H1aPCro4JU6rQvUxbF7I%2FAwstinsBYWeU0bdZaKnZbEpFsau0OYA%3D%3D (Caused by SSLError(SSLEOFError(8, 'EOF occurred in violation of protocol (_ssl.c:1129)')))
2023-03-09 16:58:16,356 ERROR   wandb-upload_2:29466 [internal_api.py:upload_file():1999] upload_file request headers: {'User-Agent': 'python-requests/2.28.1', 'Accept-Encoding': 'gzip, deflate, br', 'Accept': '*/*', 'Connection': 'keep-alive', 'Content-Length': '17014'}
2023-03-09 16:58:16,356 ERROR   wandb-upload_2:29466 [internal_api.py:upload_file():2001] upload_file response body: 
2023-03-09 16:58:16,993 DEBUG   HandlerThread:29466 [handler.py:handle_request():144] handle_request: poll_exit
2023-03-09 16:58:16,993 DEBUG   SenderThread:29466 [sender.py:send_request():363] send_request: poll_exit
2023-03-09 16:58:17,995 DEBUG   HandlerThread:29466 [handler.py:handle_request():144] handle_request: poll_exit
2023-03-09 16:58:17,996 DEBUG   SenderThread:29466 [sender.py:send_request():363] send_request: poll_exit
2023-03-09 16:58:18,611 ERROR   wandb-upload_3:29466 [internal_api.py:upload_file():1997] upload_file exception https://storage.googleapis.com/wandb-production.appspot.com/gechengze/Word2Vec/zbuh6te5/output.log?Expires=1678438695&GoogleAccessId=wandb-production%40appspot.gserviceaccount.com&Signature=Ct4sOHhRiIRTksqhUNWmVMxoLFu6p26hsnnqhRt3A75vOtGXABPA4X2dh2hydxKqC4gDOBE58jWmbukr%2B0Ok8Fn7wbWfs4nckhIDlC4dIn4ZQ25Yif1Dny9rH%2FsptQQw8%2BfvOT9LWaPv2NIpK9R%2F%2B0aPFeDDanGjHxLixDKGOAtoz9Lx2XW5NBLJDQ2zhxkY5oMCc45MntLo5Hw2a8pMfHMuBUgGSLmVoe9Svb1ye3JxpDGb3VsOG25TzcqZWI8%2FBgMmqeOu4aYpxlluPNn9tXMOIEuDvcW2g3TORbCyePIX%2BtEn6VGkjlbwKYPgBqVtIRjB%2FjuXwZmnXYMIk8jjJg%3D%3D: HTTPSConnectionPool(host='storage.googleapis.com', port=443): Max retries exceeded with url: /wandb-production.appspot.com/gechengze/Word2Vec/zbuh6te5/output.log?Expires=1678438695&GoogleAccessId=wandb-production%40appspot.gserviceaccount.com&Signature=Ct4sOHhRiIRTksqhUNWmVMxoLFu6p26hsnnqhRt3A75vOtGXABPA4X2dh2hydxKqC4gDOBE58jWmbukr%2B0Ok8Fn7wbWfs4nckhIDlC4dIn4ZQ25Yif1Dny9rH%2FsptQQw8%2BfvOT9LWaPv2NIpK9R%2F%2B0aPFeDDanGjHxLixDKGOAtoz9Lx2XW5NBLJDQ2zhxkY5oMCc45MntLo5Hw2a8pMfHMuBUgGSLmVoe9Svb1ye3JxpDGb3VsOG25TzcqZWI8%2FBgMmqeOu4aYpxlluPNn9tXMOIEuDvcW2g3TORbCyePIX%2BtEn6VGkjlbwKYPgBqVtIRjB%2FjuXwZmnXYMIk8jjJg%3D%3D (Caused by SSLError(SSLEOFError(8, 'EOF occurred in violation of protocol (_ssl.c:1129)')))
2023-03-09 16:58:18,612 ERROR   wandb-upload_3:29466 [internal_api.py:upload_file():1999] upload_file request headers: {'User-Agent': 'python-requests/2.28.1', 'Accept-Encoding': 'gzip, deflate, br', 'Accept': '*/*', 'Connection': 'keep-alive', 'Content-Length': '75'}
2023-03-09 16:58:18,612 ERROR   wandb-upload_3:29466 [internal_api.py:upload_file():2001] upload_file response body: 
2023-03-09 16:58:18,612 INFO    wandb-upload_3:29466 [retry.py:__call__():172] Retry attempt failed:
Traceback (most recent call last):
  File "/home/gechengze/anaconda3/lib/python3.9/site-packages/urllib3/connectionpool.py", line 700, in urlopen
    self._prepare_proxy(conn)
  File "/home/gechengze/anaconda3/lib/python3.9/site-packages/urllib3/connectionpool.py", line 996, in _prepare_proxy
    conn.connect()
  File "/home/gechengze/anaconda3/lib/python3.9/site-packages/urllib3/connection.py", line 414, in connect
    self.sock = ssl_wrap_socket(
  File "/home/gechengze/anaconda3/lib/python3.9/site-packages/urllib3/util/ssl_.py", line 449, in ssl_wrap_socket
    ssl_sock = _ssl_wrap_socket_impl(
  File "/home/gechengze/anaconda3/lib/python3.9/site-packages/urllib3/util/ssl_.py", line 493, in _ssl_wrap_socket_impl
    return ssl_context.wrap_socket(sock, server_hostname=server_hostname)
  File "/home/gechengze/anaconda3/lib/python3.9/ssl.py", line 501, in wrap_socket
    return self.sslsocket_class._create(
  File "/home/gechengze/anaconda3/lib/python3.9/ssl.py", line 1041, in _create
    self.do_handshake()
  File "/home/gechengze/anaconda3/lib/python3.9/ssl.py", line 1310, in do_handshake
    self._sslobj.do_handshake()
ssl.SSLEOFError: EOF occurred in violation of protocol (_ssl.c:1129)

During handling of the above exception, another exception occurred:

Traceback (most recent call last):
  File "/home/gechengze/anaconda3/lib/python3.9/site-packages/requests/adapters.py", line 489, in send
    resp = conn.urlopen(
  File "/home/gechengze/anaconda3/lib/python3.9/site-packages/urllib3/connectionpool.py", line 787, in urlopen
    retries = retries.increment(
  File "/home/gechengze/anaconda3/lib/python3.9/site-packages/urllib3/util/retry.py", line 592, in increment
    raise MaxRetryError(_pool, url, error or ResponseError(cause))
urllib3.exceptions.MaxRetryError: HTTPSConnectionPool(host='storage.googleapis.com', port=443): Max retries exceeded with url: /wandb-production.appspot.com/gechengze/Word2Vec/zbuh6te5/output.log?Expires=1678438695&GoogleAccessId=wandb-production%40appspot.gserviceaccount.com&Signature=Ct4sOHhRiIRTksqhUNWmVMxoLFu6p26hsnnqhRt3A75vOtGXABPA4X2dh2hydxKqC4gDOBE58jWmbukr%2B0Ok8Fn7wbWfs4nckhIDlC4dIn4ZQ25Yif1Dny9rH%2FsptQQw8%2BfvOT9LWaPv2NIpK9R%2F%2B0aPFeDDanGjHxLixDKGOAtoz9Lx2XW5NBLJDQ2zhxkY5oMCc45MntLo5Hw2a8pMfHMuBUgGSLmVoe9Svb1ye3JxpDGb3VsOG25TzcqZWI8%2FBgMmqeOu4aYpxlluPNn9tXMOIEuDvcW2g3TORbCyePIX%2BtEn6VGkjlbwKYPgBqVtIRjB%2FjuXwZmnXYMIk8jjJg%3D%3D (Caused by SSLError(SSLEOFError(8, 'EOF occurred in violation of protocol (_ssl.c:1129)')))

During handling of the above exception, another exception occurred:

Traceback (most recent call last):
  File "/home/gechengze/anaconda3/lib/python3.9/site-packages/wandb/sdk/internal/internal_api.py", line 1992, in upload_file
    response = self._upload_file_session.put(
  File "/home/gechengze/anaconda3/lib/python3.9/site-packages/requests/sessions.py", line 647, in put
    return self.request("PUT", url, data=data, **kwargs)
  File "/home/gechengze/anaconda3/lib/python3.9/site-packages/requests/sessions.py", line 587, in request
    resp = self.send(prep, **send_kwargs)
  File "/home/gechengze/anaconda3/lib/python3.9/site-packages/requests/sessions.py", line 701, in send
    r = adapter.send(request, **kwargs)
  File "/home/gechengze/anaconda3/lib/python3.9/site-packages/requests/adapters.py", line 563, in send
    raise SSLError(e, request=request)
requests.exceptions.SSLError: HTTPSConnectionPool(host='storage.googleapis.com', port=443): Max retries exceeded with url: /wandb-production.appspot.com/gechengze/Word2Vec/zbuh6te5/output.log?Expires=1678438695&GoogleAccessId=wandb-production%40appspot.gserviceaccount.com&Signature=Ct4sOHhRiIRTksqhUNWmVMxoLFu6p26hsnnqhRt3A75vOtGXABPA4X2dh2hydxKqC4gDOBE58jWmbukr%2B0Ok8Fn7wbWfs4nckhIDlC4dIn4ZQ25Yif1Dny9rH%2FsptQQw8%2BfvOT9LWaPv2NIpK9R%2F%2B0aPFeDDanGjHxLixDKGOAtoz9Lx2XW5NBLJDQ2zhxkY5oMCc45MntLo5Hw2a8pMfHMuBUgGSLmVoe9Svb1ye3JxpDGb3VsOG25TzcqZWI8%2FBgMmqeOu4aYpxlluPNn9tXMOIEuDvcW2g3TORbCyePIX%2BtEn6VGkjlbwKYPgBqVtIRjB%2FjuXwZmnXYMIk8jjJg%3D%3D (Caused by SSLError(SSLEOFError(8, 'EOF occurred in violation of protocol (_ssl.c:1129)')))

During handling of the above exception, another exception occurred:

Traceback (most recent call last):
  File "/home/gechengze/anaconda3/lib/python3.9/site-packages/wandb/sdk/lib/retry.py", line 131, in __call__
    result = self._call_fn(*args, **kwargs)
  File "/home/gechengze/anaconda3/lib/python3.9/site-packages/wandb/sdk/internal/internal_api.py", line 2021, in upload_file
    raise _e.with_traceback(sys.exc_info()[2])
  File "/home/gechengze/anaconda3/lib/python3.9/site-packages/wandb/sdk/internal/internal_api.py", line 1992, in upload_file
    response = self._upload_file_session.put(
  File "/home/gechengze/anaconda3/lib/python3.9/site-packages/requests/sessions.py", line 647, in put
    return self.request("PUT", url, data=data, **kwargs)
  File "/home/gechengze/anaconda3/lib/python3.9/site-packages/requests/sessions.py", line 587, in request
    resp = self.send(prep, **send_kwargs)
  File "/home/gechengze/anaconda3/lib/python3.9/site-packages/requests/sessions.py", line 701, in send
    r = adapter.send(request, **kwargs)
  File "/home/gechengze/anaconda3/lib/python3.9/site-packages/requests/adapters.py", line 563, in send
    raise SSLError(e, request=request)
wandb.sdk.lib.retry.TransientError: None
2023-03-09 16:58:18,996 DEBUG   HandlerThread:29466 [handler.py:handle_request():144] handle_request: poll_exit
2023-03-09 16:58:18,997 DEBUG   SenderThread:29466 [sender.py:send_request():363] send_request: poll_exit
2023-03-09 16:58:18,998 DEBUG   HandlerThread:29466 [handler.py:handle_request():144] handle_request: status_report
2023-03-09 16:58:19,997 DEBUG   HandlerThread:29466 [handler.py:handle_request():144] handle_request: poll_exit
2023-03-09 16:58:19,998 DEBUG   SenderThread:29466 [sender.py:send_request():363] send_request: poll_exit
2023-03-09 16:58:20,997 DEBUG   HandlerThread:29466 [handler.py:handle_request():144] handle_request: poll_exit
2023-03-09 16:58:20,997 DEBUG   SenderThread:29466 [sender.py:send_request():363] send_request: poll_exit
2023-03-09 16:58:21,482 INFO    wandb-upload_3:29466 [upload_job.py:push():138] Uploaded file /home/gechengze/project/nlp-notebook/models/wandb/run-20230309_165721-zbuh6te5/files/output.log
2023-03-09 16:58:21,998 DEBUG   HandlerThread:29466 [handler.py:handle_request():144] handle_request: poll_exit
2023-03-09 16:58:21,999 DEBUG   SenderThread:29466 [sender.py:send_request():363] send_request: poll_exit
2023-03-09 16:58:22,999 DEBUG   HandlerThread:29466 [handler.py:handle_request():144] handle_request: poll_exit
2023-03-09 16:58:23,000 DEBUG   SenderThread:29466 [sender.py:send_request():363] send_request: poll_exit
2023-03-09 16:58:24,000 DEBUG   HandlerThread:29466 [handler.py:handle_request():144] handle_request: poll_exit
2023-03-09 16:58:24,000 DEBUG   SenderThread:29466 [sender.py:send_request():363] send_request: poll_exit
2023-03-09 16:58:24,001 DEBUG   HandlerThread:29466 [handler.py:handle_request():144] handle_request: status_report
2023-03-09 16:58:25,001 DEBUG   HandlerThread:29466 [handler.py:handle_request():144] handle_request: poll_exit
2023-03-09 16:58:25,002 DEBUG   SenderThread:29466 [sender.py:send_request():363] send_request: poll_exit
2023-03-09 16:58:26,002 DEBUG   HandlerThread:29466 [handler.py:handle_request():144] handle_request: poll_exit
2023-03-09 16:58:26,003 DEBUG   SenderThread:29466 [sender.py:send_request():363] send_request: poll_exit
2023-03-09 16:58:26,698 INFO    wandb-upload_2:29466 [upload_job.py:push():138] Uploaded file /home/gechengze/project/nlp-notebook/models/wandb/run-20230309_165721-zbuh6te5/files/conda-environment.yaml
2023-03-09 16:58:26,899 INFO    Thread-12 :29466 [sender.py:transition_state():587] send defer: 11
2023-03-09 16:58:26,899 DEBUG   HandlerThread:29466 [handler.py:handle_request():144] handle_request: defer
2023-03-09 16:58:26,899 INFO    HandlerThread:29466 [handler.py:handle_request_defer():170] handle defer: 11
2023-03-09 16:58:26,900 DEBUG   SenderThread:29466 [sender.py:send_request():363] send_request: defer
2023-03-09 16:58:26,900 INFO    SenderThread:29466 [sender.py:send_request_defer():583] handle sender defer: 11
2023-03-09 16:58:26,901 INFO    SenderThread:29466 [file_pusher.py:join():169] waiting for file pusher
2023-03-09 16:58:26,901 INFO    SenderThread:29466 [sender.py:transition_state():587] send defer: 12
2023-03-09 16:58:26,901 DEBUG   HandlerThread:29466 [handler.py:handle_request():144] handle_request: defer
2023-03-09 16:58:26,901 INFO    HandlerThread:29466 [handler.py:handle_request_defer():170] handle defer: 12
2023-03-09 16:58:26,902 DEBUG   SenderThread:29466 [sender.py:send_request():363] send_request: defer
2023-03-09 16:58:26,902 INFO    SenderThread:29466 [sender.py:send_request_defer():583] handle sender defer: 12
2023-03-09 16:58:27,005 DEBUG   HandlerThread:29466 [handler.py:handle_request():144] handle_request: poll_exit
2023-03-09 16:58:27,209 INFO    SenderThread:29466 [sender.py:transition_state():587] send defer: 13
2023-03-09 16:58:27,210 DEBUG   SenderThread:29466 [sender.py:send_request():363] send_request: poll_exit
2023-03-09 16:58:27,210 DEBUG   HandlerThread:29466 [handler.py:handle_request():144] handle_request: defer
2023-03-09 16:58:27,211 INFO    HandlerThread:29466 [handler.py:handle_request_defer():170] handle defer: 13
2023-03-09 16:58:27,212 DEBUG   SenderThread:29466 [sender.py:send_request():363] send_request: defer
2023-03-09 16:58:27,212 INFO    SenderThread:29466 [sender.py:send_request_defer():583] handle sender defer: 13
2023-03-09 16:58:27,212 INFO    SenderThread:29466 [sender.py:transition_state():587] send defer: 14
2023-03-09 16:58:27,213 DEBUG   HandlerThread:29466 [handler.py:handle_request():144] handle_request: defer
2023-03-09 16:58:27,213 INFO    HandlerThread:29466 [handler.py:handle_request_defer():170] handle defer: 14
2023-03-09 16:58:27,214 DEBUG   SenderThread:29466 [sender.py:send():336] send: final
2023-03-09 16:58:27,214 DEBUG   SenderThread:29466 [sender.py:send():336] send: footer
2023-03-09 16:58:27,215 DEBUG   SenderThread:29466 [sender.py:send_request():363] send_request: defer
2023-03-09 16:58:27,215 INFO    SenderThread:29466 [sender.py:send_request_defer():583] handle sender defer: 14
2023-03-09 16:58:27,217 DEBUG   HandlerThread:29466 [handler.py:handle_request():144] handle_request: poll_exit
2023-03-09 16:58:27,218 DEBUG   HandlerThread:29466 [handler.py:handle_request():144] handle_request: server_info
2023-03-09 16:58:27,218 DEBUG   HandlerThread:29466 [handler.py:handle_request():144] handle_request: get_summary
2023-03-09 16:58:27,218 DEBUG   HandlerThread:29466 [handler.py:handle_request():144] handle_request: sampled_history
2023-03-09 16:58:27,219 DEBUG   SenderThread:29466 [sender.py:send_request():363] send_request: poll_exit
2023-03-09 16:58:27,220 DEBUG   SenderThread:29466 [sender.py:send_request():363] send_request: server_info
2023-03-09 16:58:28,146 DEBUG   HandlerThread:29466 [handler.py:handle_request():144] handle_request: shutdown
2023-03-09 16:58:28,146 INFO    HandlerThread:29466 [handler.py:finish():842] shutting down handler
2023-03-09 16:58:28,220 INFO    WriterThread:29466 [datastore.py:close():298] close: /home/gechengze/project/nlp-notebook/models/wandb/run-20230309_165721-zbuh6te5/run-zbuh6te5.wandb
2023-03-09 16:58:29,146 INFO    SenderThread:29466 [sender.py:finish():1504] shutting down sender
2023-03-09 16:58:29,146 INFO    SenderThread:29466 [file_pusher.py:finish():164] shutting down file pusher
2023-03-09 16:58:29,147 INFO    SenderThread:29466 [file_pusher.py:join():169] waiting for file pusher
